<?xml version="1.0" encoding="UTF-8"?>
<!-- Generated by org.testng.reporters.JUnitXMLReporter -->
<testsuite hostname="ankittt07" ignored="0" name="Default test" tests="3" failures="0" timestamp="12 Jan 2019 05:28:36 GMT" time="115.753" errors="0">
  <testcase name="loginPageTitleTest" time="0.075" classname="com.crm.qa.testcases.LoginPageTest"/>
  <testcase name="crmLogoImageTest" time="4.793" classname="com.crm.qa.testcases.LoginPageTest"/>
  <testcase name="loginTest" time="29.174" classname="com.crm.qa.testcases.LoginPageTest"/>
</testsuite> <!-- Default test -->
